2023-09-06T16:29:34.731669+0800 DEBUG table Users already exists
2023-09-06T16:29:34.734911+0800 DEBUG table Items already exists
2023-09-06T16:29:34.734911+0800 DEBUG table Items already exists
2023-09-06T16:29:34.738078+0800 DEBUG table Category already exists
2023-09-06T16:29:34.738078+0800 DEBUG table Category already exists
2023-09-06T16:29:34.738078+0800 DEBUG table Category already exists
2023-09-06T16:29:34.741449+0800 DEBUG table Brand already exists
2023-09-06T16:29:34.741449+0800 DEBUG table Brand already exists
2023-09-06T16:29:34.741449+0800 DEBUG table Brand already exists
2023-09-06T16:29:34.741449+0800 DEBUG table Brand already exists
2023-09-06T16:29:34.744934+0800 DEBUG table Model already exists
2023-09-06T16:29:34.744934+0800 DEBUG table Model already exists
2023-09-06T16:29:34.744934+0800 DEBUG table Model already exists
2023-09-06T16:29:34.744934+0800 DEBUG table Model already exists
2023-09-06T16:29:34.744934+0800 DEBUG table Model already exists
2023-09-06T16:30:19.114348+0800 DEBUG table Users already exists
2023-09-06T16:30:19.117690+0800 DEBUG table Items already exists
2023-09-06T16:30:19.117690+0800 DEBUG table Items already exists
2023-09-06T16:30:19.120882+0800 DEBUG table Category already exists
2023-09-06T16:30:19.120882+0800 DEBUG table Category already exists
2023-09-06T16:30:19.120882+0800 DEBUG table Category already exists
2023-09-06T16:30:19.124203+0800 DEBUG table Brand already exists
2023-09-06T16:30:19.124203+0800 DEBUG table Brand already exists
2023-09-06T16:30:19.124203+0800 DEBUG table Brand already exists
2023-09-06T16:30:19.124203+0800 DEBUG table Brand already exists
2023-09-06T16:30:19.127682+0800 DEBUG table Model already exists
2023-09-06T16:30:19.127682+0800 DEBUG table Model already exists
2023-09-06T16:30:19.127682+0800 DEBUG table Model already exists
2023-09-06T16:30:19.127682+0800 DEBUG table Model already exists
2023-09-06T16:30:19.127682+0800 DEBUG table Model already exists
2023-09-06T16:30:57.270111+0800 DEBUG table Users already exists
2023-09-06T16:30:57.273489+0800 DEBUG table Items already exists
2023-09-06T16:30:57.273489+0800 DEBUG table Items already exists
2023-09-06T16:30:57.276705+0800 DEBUG table Category already exists
2023-09-06T16:30:57.276705+0800 DEBUG table Category already exists
2023-09-06T16:30:57.276705+0800 DEBUG table Category already exists
2023-09-06T16:30:57.280051+0800 DEBUG table Brand already exists
2023-09-06T16:30:57.280051+0800 DEBUG table Brand already exists
2023-09-06T16:30:57.280051+0800 DEBUG table Brand already exists
2023-09-06T16:30:57.280051+0800 DEBUG table Brand already exists
2023-09-06T16:30:57.283579+0800 DEBUG table Model already exists
2023-09-06T16:30:57.283579+0800 DEBUG table Model already exists
2023-09-06T16:30:57.283579+0800 DEBUG table Model already exists
2023-09-06T16:30:57.283579+0800 DEBUG table Model already exists
2023-09-06T16:30:57.283579+0800 DEBUG table Model already exists
2023-09-06T16:35:13.615473+0800 DEBUG table Users already exists
2023-09-06T16:35:13.618659+0800 DEBUG table Items already exists
2023-09-06T16:35:13.618659+0800 DEBUG table Items already exists
2023-09-06T16:35:13.621988+0800 DEBUG table Category already exists
2023-09-06T16:35:13.621988+0800 DEBUG table Category already exists
2023-09-06T16:35:13.621988+0800 DEBUG table Category already exists
2023-09-06T16:35:13.625424+0800 DEBUG table Brand already exists
2023-09-06T16:35:13.625424+0800 DEBUG table Brand already exists
2023-09-06T16:35:13.625424+0800 DEBUG table Brand already exists
2023-09-06T16:35:13.625424+0800 DEBUG table Brand already exists
2023-09-06T16:35:13.628665+0800 DEBUG table Model already exists
2023-09-06T16:35:13.628665+0800 DEBUG table Model already exists
2023-09-06T16:35:13.628665+0800 DEBUG table Model already exists
2023-09-06T16:35:13.628665+0800 DEBUG table Model already exists
2023-09-06T16:35:13.628665+0800 DEBUG table Model already exists
2023-09-06T16:36:52.286585+0800 DEBUG table Users already exists
2023-09-06T16:36:52.290678+0800 DEBUG table Items already exists
2023-09-06T16:36:52.290678+0800 DEBUG table Items already exists
2023-09-06T16:36:52.293912+0800 DEBUG table Category already exists
2023-09-06T16:36:52.293912+0800 DEBUG table Category already exists
2023-09-06T16:36:52.293912+0800 DEBUG table Category already exists
2023-09-06T16:36:52.297427+0800 DEBUG table Brand already exists
2023-09-06T16:36:52.297427+0800 DEBUG table Brand already exists
2023-09-06T16:36:52.297427+0800 DEBUG table Brand already exists
2023-09-06T16:36:52.297427+0800 DEBUG table Brand already exists
2023-09-06T16:36:52.300874+0800 DEBUG table Model already exists
2023-09-06T16:36:52.300874+0800 DEBUG table Model already exists
2023-09-06T16:36:52.300874+0800 DEBUG table Model already exists
2023-09-06T16:36:52.300874+0800 DEBUG table Model already exists
2023-09-06T16:36:52.300874+0800 DEBUG table Model already exists
2023-09-06T16:37:53.199800+0800 DEBUG table Users already exists
2023-09-06T16:37:53.203111+0800 DEBUG table Items already exists
2023-09-06T16:37:53.203111+0800 DEBUG table Items already exists
2023-09-06T16:37:53.206262+0800 DEBUG table Category already exists
2023-09-06T16:37:53.206262+0800 DEBUG table Category already exists
2023-09-06T16:37:53.206262+0800 DEBUG table Category already exists
2023-09-06T16:37:53.209581+0800 DEBUG table Brand already exists
2023-09-06T16:37:53.209581+0800 DEBUG table Brand already exists
2023-09-06T16:37:53.209581+0800 DEBUG table Brand already exists
2023-09-06T16:37:53.209581+0800 DEBUG table Brand already exists
2023-09-06T16:37:53.213036+0800 DEBUG table Model already exists
2023-09-06T16:37:53.213036+0800 DEBUG table Model already exists
2023-09-06T16:37:53.213036+0800 DEBUG table Model already exists
2023-09-06T16:37:53.213036+0800 DEBUG table Model already exists
2023-09-06T16:37:53.213036+0800 DEBUG table Model already exists
2023-09-06T16:38:36.080817+0800 DEBUG table Users already exists
2023-09-06T16:38:36.084141+0800 DEBUG table Items already exists
2023-09-06T16:38:36.084141+0800 DEBUG table Items already exists
2023-09-06T16:38:36.087370+0800 DEBUG table Category already exists
2023-09-06T16:38:36.087370+0800 DEBUG table Category already exists
2023-09-06T16:38:36.087370+0800 DEBUG table Category already exists
2023-09-06T16:38:36.090791+0800 DEBUG table Brand already exists
2023-09-06T16:38:36.090791+0800 DEBUG table Brand already exists
2023-09-06T16:38:36.090791+0800 DEBUG table Brand already exists
2023-09-06T16:38:36.090791+0800 DEBUG table Brand already exists
2023-09-06T16:38:36.094229+0800 DEBUG table Model already exists
2023-09-06T16:38:36.094229+0800 DEBUG table Model already exists
2023-09-06T16:38:36.094229+0800 DEBUG table Model already exists
2023-09-06T16:38:36.094229+0800 DEBUG table Model already exists
2023-09-06T16:38:36.094229+0800 DEBUG table Model already exists
